5/13/2025, 8:48:20 PM GMT+2 0: 

----------------------------------------------
5/13/2025, 8:48:20 PM GMT+2 1: Discord starting: {"releaseChannel":"stable","version":"0.0.94"}, modulepath: /home/dala/.config/discord/0.0.94/modules
5/13/2025, 8:48:20 PM GMT+2 2: ✅ webContents.created web1 "index.html"
5/13/2025, 8:48:20 PM GMT+2 3: ✅ window.created win1 "discord"
5/13/2025, 8:48:20 PM GMT+2 4: ✅ webContents.did-finish-load web1
5/13/2025, 8:48:23 PM GMT+2 5: ✅ webContents.created web2 ""
5/13/2025, 8:48:23 PM GMT+2 6: ✅ window.created win2 "Discord"
5/13/2025, 8:48:25 PM GMT+2 7: ✅ webContents.did-finish-load web2
5/13/2025, 8:48:25 PM GMT+2 8: window.close win1
5/13/2025, 8:48:25 PM GMT+2 9: webContents.destroyed web1
5/13/2025, 8:48:25 PM GMT+2 10: window.closed win1
5/13/2025, 9:41:58 PM GMT+2 11: before-quit
5/13/2025, 9:41:58 PM GMT+2 12: window.close win2
5/13/2025, 9:41:58 PM GMT+2 13: ❌ child-process-gone {
  type: 'Utility',
  reason: 'killed',
  exitCode: 15,
  serviceName: 'audio.mojom.AudioService',
  name: 'Audio Service'
}
5/22/2025, 5:50:48 PM GMT+2 0: 

----------------------------------------------
5/22/2025, 5:50:48 PM GMT+2 1: Discord starting: {"releaseChannel":"stable","version":"0.0.94"}, modulepath: /home/dala/.config/discord/0.0.94/modules
5/22/2025, 5:50:48 PM GMT+2 2: ✅ webContents.created web1 "Discord Updater"
5/22/2025, 5:50:48 PM GMT+2 3: ✅ window.created win1 "Discord Updater"
5/22/2025, 5:50:48 PM GMT+2 4: ✅ webContents.did-finish-load web1
5/22/2025, 5:50:48 PM GMT+2 5: ✅ webContents.created web2 ""
5/22/2025, 5:50:48 PM GMT+2 6: ✅ window.created win2 "Discord"
5/22/2025, 5:50:49 PM GMT+2 7: ✅ webContents.did-finish-load web2
5/22/2025, 5:50:49 PM GMT+2 8: window.close win1
5/22/2025, 5:50:49 PM GMT+2 9: webContents.destroyed web1
5/22/2025, 5:50:49 PM GMT+2 10: window.closed win1
5/22/2025, 7:04:52 PM GMT+2 11: before-quit
5/22/2025, 7:04:52 PM GMT+2 12: window.close win2
5/22/2025, 7:04:52 PM GMT+2 13: ❌ child-process-gone {
  type: 'Utility',
  reason: 'killed',
  exitCode: 15,
  serviceName: 'audio.mojom.AudioService',
  name: 'Audio Service'
}
5/23/2025, 2:48:40 PM GMT+2 0: 

----------------------------------------------
5/23/2025, 2:48:40 PM GMT+2 1: Discord starting: {"releaseChannel":"stable","version":"0.0.94"}, modulepath: /home/dala/.config/discord/0.0.94/modules
5/23/2025, 2:48:40 PM GMT+2 2: ✅ webContents.created web1 ""
5/23/2025, 2:48:40 PM GMT+2 3: ✅ window.created win1 "discord"
5/23/2025, 2:48:40 PM GMT+2 4: ✅ webContents.did-finish-load web1
5/23/2025, 2:48:40 PM GMT+2 5: ✅ webContents.created web2 ""
5/23/2025, 2:48:40 PM GMT+2 6: ✅ window.created win2 "Discord"
5/23/2025, 2:48:41 PM GMT+2 7: ✅ webContents.did-finish-load web2
5/23/2025, 2:48:41 PM GMT+2 8: window.close win1
5/23/2025, 2:48:41 PM GMT+2 9: webContents.destroyed web1
5/23/2025, 2:48:41 PM GMT+2 10: window.closed win1
5/24/2025, 7:31:27 PM GMT+2 0: 

----------------------------------------------
5/24/2025, 7:31:27 PM GMT+2 1: Discord starting: {"releaseChannel":"stable","version":"0.0.94"}, modulepath: /home/dala/.config/discord/0.0.94/modules
5/24/2025, 7:31:27 PM GMT+2 2: ✅ webContents.created web1 "index.html"
5/24/2025, 7:31:27 PM GMT+2 3: ✅ window.created win1 "discord"
5/24/2025, 7:31:28 PM GMT+2 4: ✅ webContents.did-finish-load web1
5/24/2025, 7:31:28 PM GMT+2 5: ✅ webContents.created web2 ""
5/24/2025, 7:31:28 PM GMT+2 6: ✅ window.created win2 "Discord"
5/24/2025, 7:31:28 PM GMT+2 7: ✅ webContents.did-finish-load web2
5/24/2025, 7:31:29 PM GMT+2 8: window.close win1
5/24/2025, 7:31:29 PM GMT+2 9: webContents.destroyed web1
5/24/2025, 7:31:29 PM GMT+2 10: window.closed win1
5/24/2025, 8:04:31 PM GMT+2 0: 

----------------------------------------------
5/24/2025, 8:04:31 PM GMT+2 1: Discord starting: {"releaseChannel":"stable","version":"0.0.94"}, modulepath: /home/dala/.config/discord/0.0.94/modules
5/24/2025, 8:04:31 PM GMT+2 2: ✅ webContents.created web1 "index.html"
5/24/2025, 8:04:31 PM GMT+2 3: ✅ window.created win1 "discord"
5/24/2025, 8:04:31 PM GMT+2 4: ✅ webContents.did-finish-load web1
5/24/2025, 8:04:31 PM GMT+2 5: ✅ webContents.created web2 ""
5/24/2025, 8:04:31 PM GMT+2 6: ✅ window.created win2 "Discord"
5/24/2025, 8:04:32 PM GMT+2 7: ✅ webContents.did-finish-load web2
5/24/2025, 8:04:33 PM GMT+2 8: window.close win1
5/24/2025, 8:04:33 PM GMT+2 9: webContents.destroyed web1
5/24/2025, 8:04:33 PM GMT+2 10: window.closed win1
5/25/2025, 6:58:03 PM GMT+2 0: 

----------------------------------------------
5/25/2025, 6:58:03 PM GMT+2 1: Discord starting: {"releaseChannel":"stable","version":"0.0.94"}, modulepath: /home/dala/.config/discord/0.0.94/modules
5/25/2025, 6:58:03 PM GMT+2 2: ✅ webContents.created web1 ""
5/25/2025, 6:58:03 PM GMT+2 3: ✅ window.created win1 "discord"
5/25/2025, 6:58:03 PM GMT+2 4: ✅ webContents.did-finish-load web1
5/25/2025, 6:58:03 PM GMT+2 5: ✅ webContents.created web2 ""
5/25/2025, 6:58:03 PM GMT+2 6: ✅ window.created win2 "Discord"
5/25/2025, 6:58:04 PM GMT+2 7: ✅ webContents.did-finish-load web2
5/25/2025, 6:58:04 PM GMT+2 8: window.close win1
5/25/2025, 6:58:04 PM GMT+2 9: webContents.destroyed web1
5/25/2025, 6:58:04 PM GMT+2 10: window.closed win1
5/25/2025, 11:02:08 PM GMT+2 11: before-quit
5/25/2025, 11:02:08 PM GMT+2 12: window.close win2
5/26/2025, 8:59:10 AM GMT+2 0: 

----------------------------------------------
5/26/2025, 8:59:10 AM GMT+2 1: Discord starting: {"releaseChannel":"stable","version":"0.0.94"}, modulepath: /home/dala/.config/discord/0.0.94/modules
5/26/2025, 8:59:10 AM GMT+2 2: ✅ webContents.created web1 "index.html"
5/26/2025, 8:59:10 AM GMT+2 3: ✅ window.created win1 "discord"
5/26/2025, 8:59:10 AM GMT+2 4: ✅ webContents.did-finish-load web1
5/26/2025, 8:59:10 AM GMT+2 5: ✅ webContents.created web2 ""
5/26/2025, 8:59:10 AM GMT+2 6: ✅ window.created win2 "Discord"
5/26/2025, 8:59:11 AM GMT+2 7: ✅ webContents.did-finish-load web2
5/26/2025, 8:59:11 AM GMT+2 8: window.close win1
5/26/2025, 8:59:11 AM GMT+2 9: webContents.destroyed web1
5/26/2025, 8:59:11 AM GMT+2 10: window.closed win1
5/29/2025, 6:07:07 PM GMT+2 11: before-quit
5/29/2025, 6:07:07 PM GMT+2 12: window.close win2
5/29/2025, 6:07:07 PM GMT+2 13: ❌ child-process-gone {
  type: 'Utility',
  reason: 'killed',
  exitCode: 15,
  serviceName: 'audio.mojom.AudioService',
  name: 'Audio Service'
}
5/29/2025, 6:07:07 PM GMT+2 14: ❌ child-process-gone {
  type: 'Utility',
  reason: 'killed',
  exitCode: 15,
  serviceName: 'network.mojom.NetworkService',
  name: 'Network Service'
}
5/29/2025, 7:23:12 PM GMT+2 0: 

----------------------------------------------
5/29/2025, 7:23:12 PM GMT+2 1: Discord starting: {"releaseChannel":"stable","version":"0.0.94"}, modulepath: /home/dala/.config/discord/0.0.94/modules
5/29/2025, 7:23:12 PM GMT+2 2: ✅ webContents.created web1 ""
5/29/2025, 7:23:12 PM GMT+2 3: ✅ window.created win1 "discord"
5/29/2025, 7:23:13 PM GMT+2 4: ✅ webContents.did-finish-load web1
5/29/2025, 7:23:13 PM GMT+2 5: ✅ webContents.created web2 ""
5/29/2025, 7:23:13 PM GMT+2 6: ✅ window.created win2 "Discord"
5/29/2025, 7:23:14 PM GMT+2 7: ✅ webContents.did-finish-load web2
5/29/2025, 7:23:14 PM GMT+2 8: window.close win1
5/29/2025, 7:23:14 PM GMT+2 9: webContents.destroyed web1
5/29/2025, 7:23:14 PM GMT+2 10: window.closed win1
5/29/2025, 8:59:20 PM GMT+2 11: before-quit
5/29/2025, 8:59:20 PM GMT+2 12: window.close win2
5/29/2025, 8:59:20 PM GMT+2 13: webContents.destroyed web2
5/29/2025, 8:59:25 PM GMT+2 0: 

----------------------------------------------
5/29/2025, 8:59:25 PM GMT+2 1: Discord starting: {"releaseChannel":"stable","version":"0.0.94"}, modulepath: /home/dala/.config/discord/0.0.94/modules
5/29/2025, 8:59:25 PM GMT+2 2: ✅ webContents.created web1 "index.html"
5/29/2025, 8:59:25 PM GMT+2 3: ✅ window.created win1 "discord"
5/29/2025, 8:59:25 PM GMT+2 4: ✅ webContents.did-finish-load web1
5/29/2025, 8:59:25 PM GMT+2 5: ✅ webContents.created web2 ""
5/29/2025, 8:59:25 PM GMT+2 6: ✅ window.created win2 "Discord"
5/29/2025, 8:59:26 PM GMT+2 7: ✅ webContents.did-finish-load web2
5/29/2025, 8:59:26 PM GMT+2 8: window.close win1
5/29/2025, 8:59:26 PM GMT+2 9: webContents.destroyed web1
5/29/2025, 8:59:26 PM GMT+2 10: window.closed win1
5/29/2025, 8:59:28 PM GMT+2 11: ✅ webContents.did-finish-load web2
5/29/2025, 8:59:54 PM GMT+2 12: before-quit
5/29/2025, 8:59:55 PM GMT+2 13: window.close win2
5/29/2025, 8:59:58 PM GMT+2 0: 

----------------------------------------------
5/29/2025, 8:59:58 PM GMT+2 1: Discord starting: {"releaseChannel":"stable","version":"0.0.94"}, modulepath: /home/dala/.config/discord/0.0.94/modules
5/29/2025, 8:59:58 PM GMT+2 2: ✅ webContents.created web1 "index.html"
5/29/2025, 8:59:58 PM GMT+2 3: ✅ window.created win1 "discord"
5/29/2025, 8:59:58 PM GMT+2 4: ✅ webContents.created web2 ""
5/29/2025, 8:59:58 PM GMT+2 5: ✅ window.created win2 "Discord"
5/29/2025, 8:59:58 PM GMT+2 6: ✅ webContents.did-finish-load web1
5/29/2025, 8:59:59 PM GMT+2 7: ✅ webContents.did-finish-load web2
5/29/2025, 8:59:59 PM GMT+2 8: window.close win1
5/29/2025, 8:59:59 PM GMT+2 9: webContents.destroyed web1
5/29/2025, 8:59:59 PM GMT+2 10: window.closed win1
5/29/2025, 9:01:52 PM GMT+2 11: before-quit
5/29/2025, 9:01:52 PM GMT+2 12: window.close win2
5/29/2025, 9:01:52 PM GMT+2 13: webContents.destroyed web2
5/29/2025, 9:01:56 PM GMT+2 0: 

----------------------------------------------
5/29/2025, 9:01:56 PM GMT+2 1: Discord starting: {"releaseChannel":"stable","version":"0.0.94"}, modulepath: /home/dala/.config/discord/0.0.94/modules
5/29/2025, 9:01:56 PM GMT+2 2: ✅ webContents.created web1 "index.html"
5/29/2025, 9:01:56 PM GMT+2 3: ✅ window.created win1 "discord"
5/29/2025, 9:01:56 PM GMT+2 4: ✅ webContents.created web2 ""
5/29/2025, 9:01:56 PM GMT+2 5: ✅ window.created win2 "Discord"
5/29/2025, 9:01:56 PM GMT+2 6: ✅ webContents.did-finish-load web1
5/29/2025, 9:01:57 PM GMT+2 7: ✅ webContents.did-finish-load web2
5/29/2025, 9:01:57 PM GMT+2 8: window.close win1
5/29/2025, 9:01:57 PM GMT+2 9: webContents.destroyed web1
5/29/2025, 9:01:57 PM GMT+2 10: window.closed win1
5/29/2025, 9:28:07 PM GMT+2 11: before-quit
5/29/2025, 9:28:07 PM GMT+2 12: window.close win2
5/29/2025, 9:28:07 PM GMT+2 13: ❌ child-process-gone {
  type: 'Utility',
  reason: 'killed',
  exitCode: 15,
  serviceName: 'audio.mojom.AudioService',
  name: 'Audio Service'
}
5/29/2025, 9:28:07 PM GMT+2 14: ❌ child-process-gone {
  type: 'Utility',
  reason: 'killed',
  exitCode: 15,
  serviceName: 'network.mojom.NetworkService',
  name: 'Network Service'
}
5/29/2025, 9:35:23 PM GMT+2 0: 

----------------------------------------------
5/29/2025, 9:35:23 PM GMT+2 1: Discord starting: {"releaseChannel":"stable","version":"0.0.94"}, modulepath: /home/dala/.config/discord/0.0.94/modules
5/29/2025, 9:35:23 PM GMT+2 2: ✅ webContents.created web1 "index.html"
5/29/2025, 9:35:23 PM GMT+2 3: ✅ window.created win1 "discord"
5/29/2025, 9:35:23 PM GMT+2 4: ✅ webContents.did-finish-load web1
5/29/2025, 9:35:23 PM GMT+2 5: ✅ webContents.created web2 ""
5/29/2025, 9:35:23 PM GMT+2 6: ✅ window.created win2 "Discord"
5/29/2025, 9:35:23 PM GMT+2 7: ✅ webContents.did-finish-load web2
5/29/2025, 9:35:23 PM GMT+2 8: window.close win1
5/29/2025, 9:35:23 PM GMT+2 9: webContents.destroyed web1
5/29/2025, 9:35:23 PM GMT+2 10: window.closed win1
5/31/2025, 12:16:05 PM GMT+2 11: before-quit
5/31/2025, 12:16:05 PM GMT+2 12: window.close win2
5/31/2025, 12:16:05 PM GMT+2 13: ❌ child-process-gone {
  type: 'Utility',
  reason: 'killed',
  exitCode: 15,
  serviceName: 'audio.mojom.AudioService',
  name: 'Audio Service'
}
5/31/2025, 12:16:05 PM GMT+2 14: ❌ child-process-gone {
  type: 'Utility',
  reason: 'killed',
  exitCode: 15,
  serviceName: 'network.mojom.NetworkService',
  name: 'Network Service'
}
5/31/2025, 7:50:13 PM GMT+2 0: 

----------------------------------------------
5/31/2025, 7:50:13 PM GMT+2 1: Discord starting: {"releaseChannel":"stable","version":"0.0.94"}, modulepath: /home/dala/.config/discord/0.0.94/modules
5/31/2025, 7:50:13 PM GMT+2 2: ✅ webContents.created web1 "index.html"
5/31/2025, 7:50:13 PM GMT+2 3: ✅ window.created win1 "discord"
5/31/2025, 7:50:13 PM GMT+2 4: ✅ webContents.did-finish-load web1
5/31/2025, 7:50:13 PM GMT+2 5: ✅ webContents.created web2 ""
5/31/2025, 7:50:13 PM GMT+2 6: ✅ window.created win2 "Discord"
5/31/2025, 7:50:14 PM GMT+2 7: ✅ webContents.did-finish-load web2
5/31/2025, 7:50:14 PM GMT+2 8: window.close win1
5/31/2025, 7:50:14 PM GMT+2 9: webContents.destroyed web1
5/31/2025, 7:50:14 PM GMT+2 10: window.closed win1
6/3/2025, 12:02:34 AM GMT+2 11: ❌ webContents.nresponsive web2
6/3/2025, 12:03:00 AM GMT+2 12: ❌ webContents.nresponsive web2
6/3/2025, 12:03:11 AM GMT+2 13: before-quit
6/3/2025, 12:03:11 AM GMT+2 14: window.close win2
6/3/2025, 12:03:12 AM GMT+2 15: webContents.destroyed web2
6/3/2025, 12:03:17 AM GMT+2 0: 

----------------------------------------------
6/3/2025, 12:03:17 AM GMT+2 1: Wrote 910528 byte minidump to /home/dala/.config/discord/0.0.94/modules/crashlogs/6_3_2025__12_03_17_AM_GMT_2-0-minidump.dmp
6/3/2025, 12:03:17 AM GMT+2 2: Discord starting: {"releaseChannel":"stable","version":"0.0.94"}, modulepath: /home/dala/.config/discord/0.0.94/modules
6/3/2025, 12:03:17 AM GMT+2 3: Sentry report: {"contexts":{"trace":{"trace_id":"844c5f2c927f41aab4b717847d81abfa","span_id":"921ba6be3f605358"},"app":{"app_name":"discord","app_version":"0.0.94","app_start_time":"2025-05-31T17:50:12.876Z"},"os":{"kernel_version":"6.14.5-300.fc42.x86_64","name":"Fedora","version":"42"},"browser":{"name":"Chrome"},"chrome":{"name":"Chrome","type":"runtime","version":"134.0.6998.179"},"device":{"arch":"x64","family":"Desktop","language":"en-US","screen_density":1,"screen_resolution":"2560x1440","memory_size":32909840384,"free_memory":349396992,"processor_count":12,"cpu_description":"AMD Ryzen 5 7640U w/ Radeon 760M Graphics","processor_frequency":4565},"node":{"name":"Node","type":"runtime","version":"22.14.0"},"runtime":{"name":"Electron","version":"35.1.5"}},"environment":"stable","release":"0.0.94","user":{"ip_address":"{{auto}}","id":"176025651650756608","username":"dalicon","email":"dalicon.dalicon@seznam.cz"},"tags":{"event.origin":"electron","event.environment":"native","event.process":"browser","event_type":"native","nativeBuildNumber":"null"},"level":"fatal","platform":"native","breadcrumbs":[{"timestamp":1748893158.163,"category":"console","level":"log","message":"6/2/2025, 9:39:18 PM GMT+2 [Modules] Host is up to date."},{"timestamp":1748893158.164,"category":"console","level":"log","message":"6/2/2025, 9:39:18 PM GMT+2 [Modules] Checking for module updates at https://discord.com/api/modules/stable/versions.json"},{"timestamp":1748893158.184,"type":"http","category":"electron.net","data":{"url":"https://discord.com/api/modules/stable/versions.json?host_version=0.0.94&platform=linux&_=5829643","method":"GET","status_code":200}},{"timestamp":1748893158.184,"category":"console","level":"log","message":"6/2/2025, 9:39:18 PM GMT+2 [Modules] No module updates available."},{"timestamp":1748893158.184,"category":"console","level":"log","message":"legacyModuleUpdater: update-check-finished"},{"timestamp":1748893512.167,"category":"console","level":"log","message":"mainScreen.UpdaterEvents: CHECK_FOR_UPDATES UPDATE_NOT_AVAILABLE"},{"timestamp":1748893512.167,"category":"console","level":"log","message":"6/2/2025, 9:45:12 PM GMT+2 [Modules] Host is up to date."},{"timestamp":1748893512.167,"category":"console","level":"log","message":"6/2/2025, 9:45:12 PM GMT+2 [Modules] Checking for module updates at https://discord.com/api/modules/stable/versions.json"},{"timestamp":1748893512.229,"type":"http","category":"electron.net","data":{"url":"https://discord.com/api/modules/stable/versions.json?host_version=0.0.94&platform=linux&_=5829645","method":"GET","status_code":200}},{"timestamp":1748893512.23,"category":"console","level":"log","message":"6/2/2025, 9:45:12 PM GMT+2 [Modules] No module updates available."},{"timestamp":1748893512.23,"category":"console","level":"log","message":"legacyModuleUpdater: update-check-finished"},{"timestamp":1748895072.351,"category":"console","level":"log","message":"mainScreen.UpdaterEvents: CHECK_FOR_UPDATES UPDATE_NOT_AVAILABLE"},{"timestamp":1748895072.351,"category":"console","level":"log","message":"6/2/2025, 10:11:12 PM GMT+2 [Modules] Host is up to date."},{"timestamp":1748895072.351,"category":"console","level":"log","message":"6/2/2025, 10:11:12 PM GMT+2 [Modules] Checking for module updates at https://discord.com/api/modules/stable/versions.json"},{"timestamp":1748895072.413,"type":"http","category":"electron.net","data":{"url":"https://discord.com/api/modules/stable/versions.json?host_version=0.0.94&platform=linux&_=5829650","method":"GET","status_code":200}},{"timestamp":1748895072.414,"category":"console","level":"log","message":"6/2/2025, 10:11:12 PM GMT+2 [Modules] No module updates available."},{"timestamp":1748895072.414,"category":"console","level":"log","message":"legacyModuleUpdater: update-check-finished"},{"timestamp":1748896758.163,"category":"console","level":"log","message":"mainScreen.UpdaterEvents: CHECK_FOR_UPDATES UPDATE_NOT_AVAILABLE"},{"timestamp":1748896758.164,"category":"console","level":"log","message":"6/2/2025, 10:39:18 PM GMT+2 [Modules] Host is up to date."},{"timestamp":1748896758.164,"category":"console","level":"log","message":"6/2/2025, 10:39:18 PM GMT+2 [Modules] Checking for module updates at https://discord.com/api/modules/stable/versions.json"},{"timestamp":1748896758.183,"type":"http","category":"electron.net","data":{"url":"https://discord.com/api/modules/stable/versions.json?host_version=0.0.94&platform=linux&_=5829655","method":"GET","status_code":200}},{"timestamp":1748896758.184,"category":"console","level":"log","message":"6/2/2025, 10:39:18 PM GMT+2 [Modules] No module updates available."},{"timestamp":1748896758.185,"category":"console","level":"log","message":"legacyModuleUpdater: update-check-finished"},{"timestamp":1748897112.167,"category":"console","level":"log","message":"mainScreen.UpdaterEvents: CHECK_FOR_UPDATES UPDATE_NOT_AVAILABLE"},{"timestamp":1748897112.167,"category":"console","level":"log","message":"6/2/2025, 10:45:12 PM GMT+2 [Modules] Host is up to date."},{"timestamp":1748897112.167,"category":"console","level":"log","message":"6/2/2025, 10:45:12 PM GMT+2 [Modules] Checking for module updates at https://discord.com/api/modules/stable/versions.json"},{"timestamp":1748897112.205,"type":"http","category":"electron.net","data":{"url":"https://discord.com/api/modules/stable/versions.json?host_version=0.0.94&platform=linux&_=5829657","method":"GET","status_code":200}},{"timestamp":1748897112.206,"category":"console","level":"log","message":"6/2/2025, 10:45:12 PM GMT+2 [Modules] No module updates available."},{"timestamp":1748897112.206,"category":"console","level":"log","message":"legacyModuleUpdater: update-check-finished"},{"timestamp":1748897455.375,"category":"electron","message":"window.focus","type":"ui","data":{"id":2,"url":"https://discord.com/channels/@me/1340309904057041032"}},{"timestamp":1748897455.375,"category":"electron","message":"app.browser-window-focus","type":"ui"},{"timestamp":1748897455.628,"category":"electron","message":"window.blur","type":"ui","data":{"id":2,"url":"https://discord.com/channels/@me/1340309904057041032"}},{"timestamp":1748897455.628,"category":"electron","message":"app.browser-window-blur","type":"ui"},{"timestamp":1748898672.351,"category":"console","level":"log","message":"mainScreen.UpdaterEvents: CHECK_FOR_UPDATES UPDATE_NOT_AVAILABLE"},{"timestamp":1748898672.351,"category":"console","level":"log","message":"6/2/2025, 11:11:12 PM GMT+2 [Modules] Host is up to date."},{"timestamp":1748898672.352,"category":"console","level":"log","message":"6/2/2025, 11:11:12 PM GMT+2 [Modules] Checking for module updates at https://discord.com/api/modules/stable/versions.json"},{"timestamp":1748898672.377,"type":"http","category":"electron.net","data":{"url":"https://discord.com/api/modules/stable/versions.json?host_version=0.0.94&platform=linux&_=5829662","method":"GET","status_code":200}},{"timestamp":1748898672.377,"category":"console","level":"log","message":"6/2/2025, 11:11:12 PM GMT+2 [Modules] No module updates available."},{"timestamp":1748898672.377,"category":"console","level":"log","message":"legacyModuleUpdater: update-check-finished"},{"timestamp":1748900358.163,"category":"console","level":"log","message":"mainScreen.UpdaterEvents: CHECK_FOR_UPDATES UPDATE_NOT_AVAILABLE"},{"timestamp":1748900358.164,"category":"console","level":"log","message":"6/2/2025, 11:39:18 PM GMT+2 [Modules] Host is up to date."},{"timestamp":1748900358.164,"category":"console","level":"log","message":"6/2/2025, 11:39:18 PM GMT+2 [Modules] Checking for module updates at https://discord.com/api/modules/stable/versions.json"},{"timestamp":1748900358.189,"type":"http","category":"electron.net","data":{"url":"https://discord.com/api/modules/stable/versions.json?host_version=0.0.94&platform=linux&_=5829667","method":"GET","status_code":200}},{"timestamp":1748900358.192,"category":"console","level":"log","message":"6/2/2025, 11:39:18 PM GMT+2 [Modules] No module updates available."},{"timestamp":1748900358.192,"category":"console","level":"log","message":"legacyModuleUpdater: update-check-finished"},{"timestamp":1748900712.167,"category":"console","level":"log","message":"mainScreen.UpdaterEvents: CHECK_FOR_UPDATES UPDATE_NOT_AVAILABLE"},{"timestamp":1748900712.167,"category":"console","level":"log","message":"6/2/2025, 11:45:12 PM GMT+2 [Modules] Host is up to date."},{"timestamp":1748900712.167,"category":"console","level":"log","message":"6/2/2025, 11:45:12 PM GMT+2 [Modules] Checking for module updates at https://discord.com/api/modules/stable/versions.json"},{"timestamp":1748900712.22,"type":"http","category":"electron.net","data":{"url":"https://discord.com/api/modules/stable/versions.json?host_version=0.0.94&platform=linux&_=5829669","method":"GET","status_code":200}},{"timestamp":1748900712.221,"category":"console","level":"log","message":"6/2/2025, 11:45:12 PM GMT+2 [Modules] No module updates available."},{"timestamp":1748900712.221,"category":"console","level":"log","message":"legacyModuleUpdater: update-check-finished"},{"timestamp":1748901404.737,"category":"electron","message":"window.focus","type":"ui","data":{"id":2,"url":"https://discord.com/channels/@me/1340309904057041032"}},{"timestamp":1748901404.738,"category":"electron","message":"app.browser-window-focus","type":"ui"},{"timestamp":1748901433.782,"category":"electron","message":"window.blur","type":"ui","data":{"id":2,"url":"https://discord.com/channels/@me/1340309904057041032"}},{"timestamp":1748901433.782,"category":"electron","message":"app.browser-window-blur","type":"ui"},{"timestamp":1748901676.103,"category":"electron","message":"window.focus","type":"ui","data":{"id":2,"url":"https://discord.com/channels/@me/1340309904057041032"}},{"timestamp":1748901676.103,"category":"electron","message":"app.browser-window-focus","type":"ui"},{"timestamp":1748901679.944,"category":"ui.click","message":"g > g > g > g > path"},{"timestamp":1748901681.001,"category":"ui.click","message":"div.nativeSourceTypeButtonInner_a2de16 > svg > path"},{"timestamp":1748901682.593,"category":"ui.click","message":"button.changeButton__885c5.button__201d5.lookFilled__201d5.colorPrimary__201d5.sizeSmall__201d5.grow__201d5[type=\"button\"]"},{"timestamp":1748901684.08,"category":"ui.click","message":"div.nativeSourceTypeButtonInner_a2de16 > div.text-sm/medium_cf4812"},{"timestamp":1748901685.037,"category":"ui.click","message":"div.contents__201d5"},{"timestamp":1748901688.449,"category":"console","data":{"arguments":["Unsubscribing from direct frames for streamId 18"],"logger":"console"},"level":"info","message":"Unsubscribing from direct frames for streamId 18"},{"timestamp":1748901688.903,"category":"console","data":{"arguments":["Subscribing to direct frames for streamId 21"],"logger":"console"},"level":"info","message":"Subscribing to direct frames for streamId 21"},{"timestamp":1748901689.388,"category":"console","data":{"arguments":["Subscribing to frames for streamId 21"],"logger":"console"},"level":"info","message":"Subscribing to frames for streamId 21"},{"timestamp":1748901689.416,"category":"console","data":{"arguments":["Unsubscribing from frames for streamId 21"],"logger":"console"},"level":"info","message":"Unsubscribing from frames for streamId 21"},{"timestamp":1748901690.563,"category":"console","data":{"arguments":["Unsubscribing from direct frames for streamId 21"],"logger":"console"},"level":"info","message":"Unsubscribing from direct frames for streamId 21"},{"timestamp":1748901690.564,"category":"console","data":{"arguments":["Unsubscribing from direct frames for streamId 17"],"logger":"console"},"level":"info","message":"Unsubscribing from direct frames for streamId 17"},{"timestamp":1748901690.576,"category":"console","data":{"arguments":["Subscribing to direct frames for streamId 21"],"logger":"console"},"level":"info","message":"Subscribing to direct frames for streamId 21"},{"timestamp":1748901690.706,"category":"ui.click","message":"div.wrapper_cc5dd2 > svg > foreignobject > div.wrapper__6e9f8.selected__6e9f8"},{"timestamp":1748901693.143,"category":"console","data":{"arguments":["Unsubscribing from direct frames for streamId 21"],"logger":"console"},"level":"info","message":"Unsubscribing from direct frames for streamId 21"},{"timestamp":1748901693.377,"category":"console","data":{"arguments":["Subscribing to direct frames for streamId 21"],"logger":"console"},"level":"info","message":"Subscribing to direct frames for streamId 21"},{"timestamp":1748901702.793,"category":"ui.click","message":"div"},{"timestamp":1748901703.724,"category":"ui.input","message":"div.markup__75297.editor__1b31f.slateTextArea_ec4baf.fontSize16Padding__74017[aria-label=\"Message #bot-room\"]"},{"timestamp":1748901706.897,"category":"ui.input","message":"div.markup__75297.editor__1b31f.slateTextArea_ec4baf.fontSize16Padding__74017[aria-label=\"Message #bot-room\"]"},{"timestamp":1748901711.241,"category":"console","data":{"arguments":["Unsubscribing from direct frames for streamId 21"],"logger":"console"},"level":"info","message":"Unsubscribing from direct frames for streamId 21"},{"timestamp":1748901740.451,"category":"electron","message":"window.blur","type":"ui","data":{"id":2,"url":"https://discord.com/channels/461541385204400138/461549842896781312"}},{"timestamp":1748901740.451,"category":"electron","message":"app.browser-window-blur","type":"ui"},{"timestamp":1748901740.518,"category":"electron","message":"window.focus","type":"ui","data":{"id":2,"url":"https://discord.com/channels/461541385204400138/461549842896781312"}},{"timestamp":1748901740.518,"category":"electron","message":"app.browser-window-focus","type":"ui"},{"timestamp":1748901743.163,"category":"electron","message":"window.blur","type":"ui","data":{"id":2,"url":"https://discord.com/channels/461541385204400138/461549842896781312"}},{"timestamp":1748901743.163,"category":"electron","message":"app.browser-window-blur","type":"ui"},{"timestamp":1748901743.362,"category":"electron","message":"window.focus","type":"ui","data":{"id":2,"url":"https://discord.com/channels/461541385204400138/461549842896781312"}},{"timestamp":1748901743.363,"category":"electron","message":"app.browser-window-focus","type":"ui"},{"timestamp":1748901754.005,"category":"electron","message":"window.blur","type":"ui","data":{"id":2,"url":"https://discord.com/channels/461541385204400138/461549842896781312"}},{"timestamp":1748901754.005,"category":"electron","message":"app.browser-window-blur","type":"ui"},{"timestamp":1748901754.222,"category":"electron","message":"window.focus","type":"ui","data":{"id":2,"url":"https://discord.com/channels/461541385204400138/461549842896781312"}},{"timestamp":1748901754.222,"category":"electron","message":"app.browser-window-focus","type":"ui"},{"timestamp":1748901754.977,"category":"console","level":"log","message":"blackbox: 6/3/2025, 12:02:34 AM GMT+2 11 ❌ webContents.nresponsive web2"},{"timestamp":1748901755.027,"category":"electron","message":"window.unresponsive","type":"ui","data":{"id":2,"url":"https://discord.com/channels/461541385204400138/461549842896781312"}},{"timestamp":1748901765.633,"category":"electron","message":"window.blur","type":"ui","data":{"id":2,"url":"https://discord.com/channels/461541385204400138/461549842896781312"}},{"timestamp":1748901765.633,"category":"electron","message":"app.browser-window-blur","type":"ui"},{"timestamp":1748901766.14,"category":"electron","message":"window.focus","type":"ui","data":{"id":2,"url":"https://discord.com/channels/461541385204400138/461549842896781312"}},{"timestamp":1748901766.14,"category":"electron","message":"app.browser-window-focus","type":"ui"},{"timestamp":1748901780.005,"category":"console","level":"log","message":"blackbox: 6/3/2025, 12:03:00 AM GMT+2 12 ❌ webContents.nresponsive web2"},{"timestamp":1748901780.055,"category":"electron","message":"window.unresponsive","type":"ui","data":{"id":2,"url":"https://discord.com/channels/461541385204400138/461549842896781312"}},{"timestamp":1748901791.703,"category":"electron","message":"app.before-quit","type":"ui"},{"timestamp":1748901791.703,"category":"electron","message":"window.close","type":"ui","data":{"id":2,"url":"https://discord.com/channels/461541385204400138/461549842896781312"}},{"timestamp":1748901791.703,"category":"console","level":"log","message":"blackbox: 6/3/2025, 12:03:11 AM GMT+2 13 before-quit"},{"timestamp":1748901791.72,"category":"console","level":"log","message":"blackbox: 6/3/2025, 12:03:11 AM GMT+2 14 window.close win2"},{"timestamp":1748901796.718,"category":"console","level":"log","message":"Discord 0.0.94"},{"timestamp":1748901797.516,"category":"electron","message":"app.will-finish-launching","type":"ui"},{"timestamp":1748901797.518,"category":"electron","message":"app.ready","type":"ui"},{"timestamp":1748901797.614,"category":"electron","message":"app.session-created","type":"ui"},{"timestamp":1748901797.614,"category":"console","level":"warning","message":"(electron) 'session.getPreloads' is deprecated and will be removed. Please use 'session.getPreloadScripts' instead."},{"timestamp":1748901797.615,"category":"console","level":"warning","message":"(electron) 'session.setPreloads' is deprecated and will be removed. Please use 'session.registerPreloadScript' instead."},{"timestamp":1748901797.615,"category":"console","level":"log","message":"Starting app."},{"timestamp":1748901797.652,"category":"console","level":"log","message":"Starting updater."},{"timestamp":1748901797.661,"category":"console","level":"log","message":"6/3/2025, 12:03:17 AM GMT+2 [Modules] Modules initializing"},{"timestamp":1748901797.662,"category":"console","level":"log","message":"6/3/2025, 12:03:17 AM GMT+2 [Modules] Distribution: remote"},{"timestamp":1748901797.662,"category":"console","level":"log","message":"6/3/2025, 12:03:17 AM GMT+2 [Modules] Host updates: disabled"},{"timestamp":1748901797.662,"category":"console","level":"log","message":"6/3/2025, 12:03:17 AM GMT+2 [Modules] Module updates: enabled"},{"timestamp":1748901797.662,"category":"console","level":"log","message":"6/3/2025, 12:03:17 AM GMT+2 [Modules] Module install path: /home/dala/.config/discord/0.0.94/modules"},{"timestamp":1748901797.662,"category":"console","level":"log","message":"6/3/2025, 12:03:17 AM GMT+2 [Modules] Module installed file path: /home/dala/.config/discord/0.0.94/modules/installed.json"},{"timestamp":1748901797.662,"category":"console","level":"log","message":"6/3/2025, 12:03:17 AM GMT+2 [Modules] Module download path: /home/dala/.config/discord/0.0.94/modules/pending"},{"timestamp":1748901797.666,"category":"console","level":"log","message":"splashScreen.initSplash(false)"},{"timestamp":1748901797.666,"category":"console","level":"log","message":"CDM component API found"},{"timestamp":1748901797.681,"category":"electron","message":"app.web-contents-created","type":"ui"},{"timestamp":1748901797.682,"category":"electron","message":"app.browser-window-created","type":"ui"},{"timestamp":1748901797.753,"category":"console","level":"log","message":"blackbox: 6/3/2025, 12:03:17 AM GMT+2 0 \n\n----------------------------------------------"},{"timestamp":1748901797.756,"category":"console","level":"log","message":"CDM completed with status: cdm-ready-success"},{"timestamp":1748901797.756,"category":"electron","message":"screen.display-added","type":"ui"},{"timestamp":1748901797.756,"category":"electron","message":"screen.display-metrics-changed","type":"ui"}],"event_id":"e8f4ec18f3b84eada10b032fcdb2df25","timestamp":1748901797.763,"sdk":{"integrations":["SentryMinidump","ElectronBreadcrumbs","Net","MainContext","ChildProcess","OnUncaughtException","PreloadInjection","AdditionalContext","Screenshots","RendererProfiling","InboundFilters","FunctionToString","LinkedErrors","RequestData","Console","Http","Undici","OnUnhandledRejection","ContextLines","LocalVariables","Modules"],"name":"sentry.javascript.electron","version":"4.24.0","packages":[{"name":"npm:@sentry/electron","version":"4.24.0"}]},"modules":{"mkdirp":"1.0.4","yauzl":"2.10.0","fd-slicer":"1.1.0","pend":"1.2.0","buffer-crc32":"0.2.13","rimraf":"2.7.1","glob":"7.2.3","fs.realpath":"1.0.0","minimatch":"3.1.2","brace-expansion":"1.1.11","concat-map":"0.0.1","balanced-match":"1.0.2","inherits":"2.0.4","path-is-absolute":"1.0.1","inflight":"1.0.6","wrappy":"1.0.2","once":"1.4.0","request":"2.88.0","extend":"3.0.2","tough-cookie":"2.4.3","psl":"1.15.0","json-stringify-safe":"5.0.1","safe-buffer":"5.2.1","aws-sign2":"0.7.0","aws4":"1.13.2","http-signature":"1.2.0","assert-plus":"1.0.0","sshpk":"1.18.0","safer-buffer":"2.1.2","asn1":"0.2.6","ecc-jsbn":"0.1.2","jsbn":"0.1.1","tweetnacl":"0.14.5","jsprim":"1.4.2","extsprintf":"1.3.0","verror":"1.10.0","core-util-is":"1.0.2","json-schema":"0.4.0","mime-types":"2.1.35","mime-db":"1.52.0","caseless":"0.12.0","forever-agent":"0.6.1","form-data":"2.3.3","combined-stream":"1.0.8","delayed-stream":"1.0.0","asynckit":"0.4.0","isstream":"0.1.2","is-typedarray":"1.0.0","qs":"6.5.3","har-validator":"5.1.5","ajv":"6.12.6","uri-js":"4.4.1","fast-deep-equal":"3.1.3","json-schema-traverse":"0.4.1","fast-json-stable-stringify":"2.1.0","har-schema":"2.0.0","uuid":"3.4.0","oauth-sign":"0.9.0","tunnel-agent":"0.6.0","performance-now":"2.1.0","arch":"2.2.0","tslib":"2.8.1","localforage":"1.10.0","deepmerge":"4.3.0","electron-log":"5.2.0"},"extra":{"release_channel":"stable","sentry":{"environment":"stable","release":"0.0.94"},"wm":"Hyprland,unknown"}}
6/3/2025, 12:03:18 AM GMT+2 4: ✅ webContents.created web1 "Discord Updater"
6/3/2025, 12:03:18 AM GMT+2 5: ✅ window.created win1 "Discord Updater"
6/3/2025, 12:03:18 AM GMT+2 6: ✅ webContents.created web2 ""
6/3/2025, 12:03:18 AM GMT+2 7: ✅ window.created win2 "Discord"
6/3/2025, 12:03:19 AM GMT+2 8: ✅ webContents.did-finish-load web2
6/3/2025, 12:03:19 AM GMT+2 9: window.close win1
6/3/2025, 12:03:19 AM GMT+2 10: webContents.destroyed web1
6/3/2025, 12:03:19 AM GMT+2 11: window.closed win1
6/3/2025, 12:05:03 AM GMT+2 12: before-quit
6/3/2025, 12:06:20 AM GMT+2 0: 

----------------------------------------------
6/3/2025, 12:06:20 AM GMT+2 1: Discord starting: {"releaseChannel":"stable","version":"0.0.94"}, modulepath: /home/dala/.config/discord/0.0.94/modules
6/3/2025, 12:06:20 AM GMT+2 2: ✅ webContents.created web1 ""
6/3/2025, 12:06:20 AM GMT+2 3: ✅ window.created win1 "discord"
6/3/2025, 12:06:21 AM GMT+2 4: ✅ webContents.did-finish-load web1
6/3/2025, 12:06:21 AM GMT+2 5: ✅ webContents.created web2 ""
6/3/2025, 12:06:21 AM GMT+2 6: ✅ window.created win2 "Discord"
6/3/2025, 12:06:22 AM GMT+2 7: ✅ webContents.did-finish-load web2
6/3/2025, 12:06:22 AM GMT+2 8: window.close win1
6/3/2025, 12:06:22 AM GMT+2 9: webContents.destroyed web1
6/3/2025, 12:06:22 AM GMT+2 10: window.closed win1
6/3/2025, 5:16:29 PM GMT+2 0: 

----------------------------------------------
6/3/2025, 5:16:29 PM GMT+2 1: Discord starting: {"releaseChannel":"stable","version":"0.0.94"}, modulepath: /home/dala/.config/discord/0.0.94/modules
6/3/2025, 5:16:29 PM GMT+2 2: ✅ webContents.created web1 "index.html"
6/3/2025, 5:16:29 PM GMT+2 3: ✅ window.created win1 "discord"
6/3/2025, 5:16:29 PM GMT+2 4: ✅ webContents.did-finish-load web1
6/3/2025, 5:16:29 PM GMT+2 5: ✅ webContents.created web2 ""
6/3/2025, 5:16:29 PM GMT+2 6: ✅ window.created win2 "Discord"
6/3/2025, 5:16:30 PM GMT+2 7: ✅ webContents.did-finish-load web2
6/3/2025, 5:16:30 PM GMT+2 8: window.close win1
6/3/2025, 5:16:30 PM GMT+2 9: webContents.destroyed web1
6/3/2025, 5:16:30 PM GMT+2 10: window.closed win1
6/4/2025, 9:31:05 AM GMT+2 11: Sentry report: {"contexts":{"trace":{"trace_id":"22e0f37446e2449c8358f38adccc73e7","span_id":"b453de461885a33c"},"app":{"app_name":"discord","app_version":"0.0.94","app_start_time":"2025-06-03T15:16:29.163Z"},"os":{"kernel_version":"6.14.5-300.fc42.x86_64","name":"Fedora","version":"42"},"browser":{"name":"Chrome"},"chrome":{"name":"Chrome","type":"runtime","version":"134.0.6998.179"},"device":{"arch":"x64","family":"Desktop","language":"en-US","screen_density":1,"screen_resolution":"1920x1080","memory_size":32909836288,"free_memory":4307054592,"processor_count":12,"cpu_description":"AMD Ryzen 5 7640U w/ Radeon 760M Graphics","processor_frequency":4763},"node":{"name":"Node","type":"runtime","version":"22.14.0"},"runtime":{"name":"Electron","version":"35.1.5"}},"environment":"stable","release":"0.0.94","user":{"ip_address":"{{auto}}","id":"176025651650756608","username":"dalicon","email":"dalicon.dalicon@seznam.cz"},"tags":{"event.origin":"electron","event.environment":"javascript","event.process":"browser","event_type":"javascript","nativeBuildNumber":"null"},"event_id":"ead3bc0a66e7411f962af87c89c1ccd5","level":"error","message":"WebRequest failed: net::ERR_QUIC_PROTOCOL_ERROR","platform":"node","timestamp":1749022265.942,"sdk":{"integrations":["SentryMinidump","ElectronBreadcrumbs","Net","MainContext","ChildProcess","OnUncaughtException","PreloadInjection","AdditionalContext","Screenshots","RendererProfiling","InboundFilters","FunctionToString","LinkedErrors","RequestData","Console","Http","Undici","OnUnhandledRejection","ContextLines","LocalVariables","Modules"]},"breadcrumbs":[{"timestamp":1748974318.834,"category":"electron","message":"window.focus","type":"ui","data":{"id":2,"url":"https://discord.com/channels/@me/1340309904057041032"}},{"timestamp":1748974318.834,"category":"electron","message":"app.browser-window-focus","type":"ui"},{"timestamp":1748974319.524,"category":"electron","message":"window.blur","type":"ui","data":{"id":2,"url":"https://discord.com/channels/@me/1340309904057041032"}},{"timestamp":1748974319.524,"category":"electron","message":"app.browser-window-blur","type":"ui"},{"timestamp":1748974320.592,"category":"electron","message":"window.focus","type":"ui","data":{"id":2,"url":"https://discord.com/channels/@me/1340309904057041032"}},{"timestamp":1748974320.592,"category":"electron","message":"app.browser-window-focus","type":"ui"},{"timestamp":1748974322.753,"category":"electron","message":"window.blur","type":"ui","data":{"id":2,"url":"https://discord.com/channels/@me/1340309904057041032"}},{"timestamp":1748974322.753,"category":"electron","message":"app.browser-window-blur","type":"ui"},{"timestamp":1748974324.092,"category":"electron","message":"window.focus","type":"ui","data":{"id":2,"url":"https://discord.com/channels/@me/1340309904057041032"}},{"timestamp":1748974324.092,"category":"electron","message":"app.browser-window-focus","type":"ui"},{"timestamp":1748974325.781,"category":"electron","message":"window.blur","type":"ui","data":{"id":2,"url":"https://discord.com/channels/@me/1340309904057041032"}},{"timestamp":1748974325.781,"category":"electron","message":"app.browser-window-blur","type":"ui"},{"timestamp":1748974325.983,"category":"electron","message":"window.focus","type":"ui","data":{"id":2,"url":"https://discord.com/channels/@me/1340309904057041032"}},{"timestamp":1748974325.983,"category":"electron","message":"app.browser-window-focus","type":"ui"},{"timestamp":1748974326.77,"category":"electron","message":"window.blur","type":"ui","data":{"id":2,"url":"https://discord.com/channels/@me/1340309904057041032"}},{"timestamp":1748974326.77,"category":"electron","message":"app.browser-window-blur","type":"ui"},{"timestamp":1748974426.959,"category":"electron","message":"window.focus","type":"ui","data":{"id":2,"url":"https://discord.com/channels/@me/1340309904057041032"}},{"timestamp":1748974426.96,"category":"electron","message":"app.browser-window-focus","type":"ui"},{"timestamp":1748974427.531,"category":"ui.click","message":"div"},{"timestamp":1748974429.261,"category":"electron","message":"window.blur","type":"ui","data":{"id":2,"url":"https://discord.com/channels/@me/1340309904057041032"}},{"timestamp":1748974429.262,"category":"electron","message":"app.browser-window-blur","type":"ui"},{"timestamp":1748974595.08,"category":"console","level":"log","message":"mainScreen.UpdaterEvents: CHECK_FOR_UPDATES UPDATE_NOT_AVAILABLE"},{"timestamp":1748974595.08,"category":"console","level":"log","message":"6/3/2025, 8:16:35 PM GMT+2 [Modules] Host is up to date."},{"timestamp":1748974595.08,"category":"console","level":"log","message":"6/3/2025, 8:16:35 PM GMT+2 [Modules] Checking for module updates at https://discord.com/api/modules/stable/versions.json"},{"timestamp":1748974595.117,"type":"http","category":"electron.net","data":{"url":"https://discord.com/api/modules/stable/versions.json?host_version=0.0.94&platform=linux&_=5829915","method":"GET","status_code":200}},{"timestamp":1748974595.118,"category":"console","level":"log","message":"6/3/2025, 8:16:35 PM GMT+2 [Modules] No module updates available."},{"timestamp":1748974595.118,"category":"console","level":"log","message":"legacyModuleUpdater: update-check-finished"},{"timestamp":1748978195.08,"category":"console","level":"log","message":"mainScreen.UpdaterEvents: CHECK_FOR_UPDATES UPDATE_NOT_AVAILABLE"},{"timestamp":1748978195.08,"category":"console","level":"log","message":"6/3/2025, 9:16:35 PM GMT+2 [Modules] Host is up to date."},{"timestamp":1748978195.08,"category":"console","level":"log","message":"6/3/2025, 9:16:35 PM GMT+2 [Modules] Checking for module updates at https://discord.com/api/modules/stable/versions.json"},{"timestamp":1748978195.112,"type":"http","category":"electron.net","data":{"url":"https://discord.com/api/modules/stable/versions.json?host_version=0.0.94&platform=linux&_=5829927","method":"GET","status_code":200}},{"timestamp":1748978195.113,"category":"console","level":"log","message":"6/3/2025, 9:16:35 PM GMT+2 [Modules] No module updates available."},{"timestamp":1748978195.113,"category":"console","level":"log","message":"legacyModuleUpdater: update-check-finished"},{"timestamp":1748978768.359,"category":"electron","message":"window.focus","type":"ui","data":{"id":2,"url":"https://discord.com/channels/@me/1340309904057041032"}},{"timestamp":1748978768.359,"category":"electron","message":"app.browser-window-focus","type":"ui"},{"timestamp":1748978769.18,"category":"console","data":{"arguments":["Unsubscribing from direct frames for streamId 5"],"logger":"console"},"level":"info","message":"Unsubscribing from direct frames for streamId 5"},{"timestamp":1748978769.18,"category":"console","data":{"arguments":["Unsubscribing from direct frames for streamId 4"],"logger":"console"},"level":"info","message":"Unsubscribing from direct frames for streamId 4"},{"timestamp":1748978769.189,"category":"console","data":{"arguments":["Subscribing to direct frames for streamId 5"],"logger":"console"},"level":"info","message":"Subscribing to direct frames for streamId 5"},{"timestamp":1748978769.252,"category":"ui.click","message":"div.wrapper_cc5dd2 > svg > foreignobject > div.wrapper__6e9f8.selected__6e9f8"},{"timestamp":1748978774.577,"category":"ui.click","message":"div.listItem__650eb > div.listItemWrapper__91816 > div.wrapper_cc5dd2 > svg"},{"timestamp":1748978776.596,"category":"console","data":{"arguments":["Unsubscribing from direct frames for streamId 5"],"logger":"console"},"level":"info","message":"Unsubscribing from direct frames for streamId 5"},{"timestamp":1748978776.597,"category":"console","data":{"arguments":["Subscribing to direct frames for streamId 5"],"logger":"console"},"level":"info","message":"Subscribing to direct frames for streamId 5"},{"timestamp":1748978776.598,"category":"console","data":{"arguments":["Subscribing to direct frames for streamId 4"],"logger":"console"},"level":"info","message":"Subscribing to direct frames for streamId 4"},{"timestamp":1748978776.696,"category":"ui.click","message":"div.childWrapper__6e9f8.childWrapperNoHoverBg__6e9f8"},{"timestamp":1748978777.027,"category":"ui.click","message":"div.wrapper_cc5dd2 > svg > foreignobject > div.wrapper__6e9f8.selected__6e9f8"},{"timestamp":1748978777.495,"category":"electron","message":"window.blur","type":"ui","data":{"id":2,"url":"https://discord.com/channels/@me/1340309904057041032"}},{"timestamp":1748978777.495,"category":"electron","message":"app.browser-window-blur","type":"ui"},{"timestamp":1748981078.816,"category":"electron","message":"window.focus","type":"ui","data":{"id":2,"url":"https://discord.com/channels/@me/1340309904057041032"}},{"timestamp":1748981078.816,"category":"electron","message":"app.browser-window-focus","type":"ui"},{"timestamp":1748981079.078,"category":"electron","message":"window.blur","type":"ui","data":{"id":2,"url":"https://discord.com/channels/@me/1340309904057041032"}},{"timestamp":1748981079.078,"category":"electron","message":"app.browser-window-blur","type":"ui"},{"timestamp":1748981734.844,"category":"electron","message":"window.focus","type":"ui","data":{"id":2,"url":"https://discord.com/channels/@me/1340309904057041032"}},{"timestamp":1748981734.844,"category":"electron","message":"app.browser-window-focus","type":"ui"},{"timestamp":1748981735.02,"category":"electron","message":"window.blur","type":"ui","data":{"id":2,"url":"https://discord.com/channels/@me/1340309904057041032"}},{"timestamp":1748981735.02,"category":"electron","message":"app.browser-window-blur","type":"ui"},{"timestamp":1748981795.08,"category":"console","level":"log","message":"mainScreen.UpdaterEvents: CHECK_FOR_UPDATES UPDATE_NOT_AVAILABLE"},{"timestamp":1748981795.08,"category":"console","level":"log","message":"6/3/2025, 10:16:35 PM GMT+2 [Modules] Host is up to date."},{"timestamp":1748981795.08,"category":"console","level":"log","message":"6/3/2025, 10:16:35 PM GMT+2 [Modules] Checking for module updates at https://discord.com/api/modules/stable/versions.json"},{"timestamp":1748981795.113,"type":"http","category":"electron.net","data":{"url":"https://discord.com/api/modules/stable/versions.json?host_version=0.0.94&platform=linux&_=5829939","method":"GET","status_code":200}},{"timestamp":1748981795.114,"category":"console","level":"log","message":"6/3/2025, 10:16:35 PM GMT+2 [Modules] No module updates available."},{"timestamp":1748981795.114,"category":"console","level":"log","message":"legacyModuleUpdater: update-check-finished"},{"timestamp":1748983413.407,"category":"electron","message":"window.focus","type":"ui","data":{"id":2,"url":"https://discord.com/channels/@me/1340309904057041032"}},{"timestamp":1748983413.407,"category":"electron","message":"app.browser-window-focus","type":"ui"},{"timestamp":1748983548.433,"category":"console","data":{"arguments":["Unsubscribing from direct frames for streamId 5"],"logger":"console"},"level":"info","message":"Unsubscribing from direct frames for streamId 5"},{"timestamp":1748983548.433,"category":"console","data":{"arguments":["Unsubscribing from direct frames for streamId 4"],"logger":"console"},"level":"info","message":"Unsubscribing from direct frames for streamId 4"},{"timestamp":1748983548.441,"category":"console","data":{"arguments":["Subscribing to direct frames for streamId 5"],"logger":"console"},"level":"info","message":"Subscribing to direct frames for streamId 5"},{"timestamp":1748983548.587,"category":"ui.click","message":"div.wrapper_cc5dd2 > svg > foreignobject > div.wrapper__6e9f8.selected__6e9f8"},{"timestamp":1748983570.599,"category":"ui.click","message":"div.video__948a4 > div.media-engine-video.media__948a4 > video"},{"timestamp":1748983571.601,"category":"console","data":{"arguments":["Unsubscribing from direct frames for streamId 5"],"logger":"console"},"level":"info","message":"Unsubscribing from direct frames for streamId 5"},{"timestamp":1748983571.602,"category":"console","data":{"arguments":["Subscribing to direct frames for streamId 5"],"logger":"console"},"level":"info","message":"Subscribing to direct frames for streamId 5"},{"timestamp":1748983571.603,"category":"console","data":{"arguments":["Subscribing to direct frames for streamId 4"],"logger":"console"},"level":"info","message":"Subscribing to direct frames for streamId 4"},{"timestamp":1748983571.706,"category":"ui.click","message":"div.headerTitle_e4cb9a > h2.headerText_e4cb9a.base_eb1a4c.size16_a4e6b9"},{"timestamp":1748985056.789,"category":"electron","message":"window.blur","type":"ui","data":{"id":2,"url":"https://discord.com/channels/@me/1340309904057041032"}},{"timestamp":1748985056.789,"category":"electron","message":"app.browser-window-blur","type":"ui"},{"timestamp":1748985057.141,"category":"electron","message":"window.focus","type":"ui","data":{"id":2,"url":"https://discord.com/channels/@me/1340309904057041032"}},{"timestamp":1748985057.141,"category":"electron","message":"app.browser-window-focus","type":"ui"},{"timestamp":1748985191.885,"category":"electron","message":"window.blur","type":"ui","data":{"id":2,"url":"https://discord.com/channels/@me/1340309904057041032"}},{"timestamp":1748985191.885,"category":"electron","message":"app.browser-window-blur","type":"ui"},{"timestamp":1748985191.94,"category":"electron","message":"window.focus","type":"ui","data":{"id":2,"url":"https://discord.com/channels/@me/1340309904057041032"}},{"timestamp":1748985191.94,"category":"electron","message":"app.browser-window-focus","type":"ui"},{"timestamp":1748985194.456,"category":"console","data":{"arguments":["Unsubscribing from direct frames for streamId 5"],"logger":"console"},"level":"info","message":"Unsubscribing from direct frames for streamId 5"},{"timestamp":1748985194.456,"category":"console","data":{"arguments":["Unsubscribing from direct frames for streamId 4"],"logger":"console"},"level":"info","message":"Unsubscribing from direct frames for streamId 4"},{"timestamp":1748985194.464,"category":"ui.click","message":"button.centerButton_f1ceac.colorable_f1ceac.disconnect_f1ceac.fullRegionButton_f1ceac.button__201d5.lookBlank__201d5.colorBrand__201d5[aria-label=\"Disconnect\"][type=\"button\"]"},{"timestamp":1748985198.413,"category":"electron","message":"window.blur","type":"ui","data":{"id":2,"url":"https://discord.com/channels/@me/1340309904057041032"}},{"timestamp":1748985198.413,"category":"electron","message":"app.browser-window-blur","type":"ui"},{"timestamp":1748985395.08,"category":"console","level":"log","message":"mainScreen.UpdaterEvents: CHECK_FOR_UPDATES UPDATE_NOT_AVAILABLE"},{"timestamp":1748985395.08,"category":"console","level":"log","message":"6/3/2025, 11:16:35 PM GMT+2 [Modules] Host is up to date."},{"timestamp":1748985395.08,"category":"console","level":"log","message":"6/3/2025, 11:16:35 PM GMT+2 [Modules] Checking for module updates at https://discord.com/api/modules/stable/versions.json"},{"timestamp":1748985395.099,"type":"http","category":"electron.net","data":{"url":"https://discord.com/api/modules/stable/versions.json?host_version=0.0.94&platform=linux&_=5829951","method":"GET","status_code":200}},{"timestamp":1748985395.1,"category":"console","level":"log","message":"6/3/2025, 11:16:35 PM GMT+2 [Modules] No module updates available."},{"timestamp":1748985395.1,"category":"console","level":"log","message":"legacyModuleUpdater: update-check-finished"},{"timestamp":1748986326.289,"category":"electron","message":"window.focus","type":"ui","data":{"id":2,"url":"https://discord.com/channels/@me/1340309904057041032"}},{"timestamp":1748986326.289,"category":"electron","message":"app.browser-window-focus","type":"ui"},{"timestamp":1748986326.352,"category":"electron","message":"window.blur","type":"ui","data":{"id":2,"url":"https://discord.com/channels/@me/1340309904057041032"}},{"timestamp":1748986326.352,"category":"electron","message":"app.browser-window-blur","type":"ui"},{"timestamp":1748986403.679,"category":"electron","message":"powerMonitor.suspend","type":"ui"},{"timestamp":1748986403.679,"category":"electron","message":"powerMonitor.suspend","type":"ui"},{"timestamp":1749022265.586,"category":"electron","message":"powerMonitor.resume","type":"ui"},{"timestamp":1749022265.594,"category":"electron","message":"powerMonitor.resume","type":"ui"},{"timestamp":1749022265.942,"category":"console","level":"error","message":"WebRequest failed (net::ERR_QUIC_PROTOCOL_ERROR): 'GET https://api.spotify.com/v1/me/player?additional_types=track%2Cepisode'"}],"sdkProcessingMetadata":{"dynamicSamplingContext":{"environment":"stable","release":"0.0.94","public_key":"d2558f321dfc7ab68366d8258fd256c7","trace_id":"22e0f37446e2449c8358f38adccc73e7"}},"modules":{"mkdirp":"1.0.4","yauzl":"2.10.0","fd-slicer":"1.1.0","pend":"1.2.0","buffer-crc32":"0.2.13","rimraf":"2.7.1","glob":"7.2.3","fs.realpath":"1.0.0","minimatch":"3.1.2","brace-expansion":"1.1.11","concat-map":"0.0.1","balanced-match":"1.0.2","inherits":"2.0.4","path-is-absolute":"1.0.1","inflight":"1.0.6","wrappy":"1.0.2","once":"1.4.0","request":"2.88.0","extend":"3.0.2","tough-cookie":"2.4.3","psl":"1.15.0","json-stringify-safe":"5.0.1","safe-buffer":"5.2.1","aws-sign2":"0.7.0","aws4":"1.13.2","http-signature":"1.2.0","assert-plus":"1.0.0","sshpk":"1.18.0","safer-buffer":"2.1.2","asn1":"0.2.6","ecc-jsbn":"0.1.2","jsbn":"0.1.1","tweetnacl":"0.14.5","jsprim":"1.4.2","extsprintf":"1.3.0","verror":"1.10.0","core-util-is":"1.0.2","json-schema":"0.4.0","mime-types":"2.1.35","mime-db":"1.52.0","caseless":"0.12.0","forever-agent":"0.6.1","form-data":"2.3.3","combined-stream":"1.0.8","delayed-stream":"1.0.0","asynckit":"0.4.0","isstream":"0.1.2","is-typedarray":"1.0.0","qs":"6.5.3","har-validator":"5.1.5","ajv":"6.12.6","uri-js":"4.4.1","fast-deep-equal":"3.1.3","json-schema-traverse":"0.4.1","fast-json-stable-stringify":"2.1.0","har-schema":"2.0.0","uuid":"3.4.0","oauth-sign":"0.9.0","tunnel-agent":"0.6.0","performance-now":"2.1.0","arch":"2.2.0","tslib":"2.8.1","localforage":"1.10.0","deepmerge":"4.3.0","electron-log":"5.2.0"},"extra":{"release_channel":"stable","sentry":{"environment":"stable","release":"0.0.94","user":{"id":"176025651650756608","username":"dalicon","email":"dalicon.dalicon@seznam.cz"}},"wm":"Hyprland,unknown","nativeBuildNumber":"null","user_id":"176025651650756608","username":"dalicon","email":"dalicon.dalicon@seznam.cz"}}
6/4/2025, 2:21:03 PM GMT+2 12: before-quit
6/4/2025, 2:21:03 PM GMT+2 13: window.close win2
6/4/2025, 2:21:03 PM GMT+2 14: ❌ child-process-gone {
  type: 'Utility',
  reason: 'killed',
  exitCode: 15,
  serviceName: 'audio.mojom.AudioService',
  name: 'Audio Service'
}
6/4/2025, 8:53:40 PM GMT+2 0: 

----------------------------------------------
6/4/2025, 8:53:40 PM GMT+2 1: Discord starting: {"releaseChannel":"stable","version":"0.0.94"}, modulepath: /home/dala/.config/discord/0.0.94/modules
6/4/2025, 8:53:40 PM GMT+2 2: ✅ webContents.created web1 ""
6/4/2025, 8:53:40 PM GMT+2 3: ✅ window.created win1 "discord"
6/4/2025, 8:53:41 PM GMT+2 4: ✅ webContents.did-finish-load web1
6/4/2025, 8:53:41 PM GMT+2 5: ✅ webContents.created web2 ""
6/4/2025, 8:53:41 PM GMT+2 6: ✅ window.created win2 "Discord"
6/4/2025, 8:53:42 PM GMT+2 7: ✅ webContents.did-finish-load web2
6/4/2025, 8:53:42 PM GMT+2 8: window.close win1
6/4/2025, 8:53:42 PM GMT+2 9: webContents.destroyed web1
6/4/2025, 8:53:42 PM GMT+2 10: window.closed win1
